# JRE version: Java(TM) SE Runtime Environment (8.0_51-b16) (build 1.8.0_51-b16)
# Java VM: Java HotSpot(TM) 64-Bit Server VM (25.51-b03 mixed mode windows-amd64 compressed oops)
Heap:
 PSYoungGen      total 33280K, used 6399K [0x00000000d5f00000, 0x00000000d8680000, 0x0000000100000000)
  eden space 27136K, 20% used [0x00000000d5f00000,0x00000000d647fd60,0x00000000d7980000)
  from space 6144K, 12% used [0x00000000d8080000,0x00000000d8140000,0x00000000d8680000)
  to   space 6656K, 0% used [0x00000000d7980000,0x00000000d7980000,0x00000000d8000000)
 ParOldGen       total 66048K, used 30829K [0x0000000081c00000, 0x0000000085c80000, 0x00000000d5f00000)
  object space 66048K, 46% used [0x0000000081c00000,0x0000000083a1b6e0,0x0000000085c80000)
 Metaspace       used 24268K, capacity 24542K, committed 24880K, reserved 1071104K
  class space    used 3003K, capacity 3083K, committed 3120K, reserved 1048576K
GC Heap History (10 events):
Event: 174.087 GC heap before
{Heap before GC invocations=89 (full 1):
 PSYoungGen      total 35328K, used 27520K [0x00000000d5f00000, 0x00000000d8980000, 0x0000000100000000)
  eden space 27136K, 100% used [0x00000000d5f00000,0x00000000d7980000,0x00000000d7980000)
  from space 8192K, 4% used [0x00000000d7980000,0x00000000d79e0000,0x00000000d8180000)
  to   space 8192K, 0% used [0x00000000d8180000,0x00000000d8180000,0x00000000d8980000)
 ParOldGen       total 66048K, used 30605K [0x0000000081c00000, 0x0000000085c80000, 0x00000000d5f00000)
  object space 66048K, 46% used [0x0000000081c00000,0x00000000839e36e0,0x0000000085c80000)
 Metaspace       used 23464K, capacity 23762K, committed 24112K, reserved 1071104K
  class space    used 2987K, capacity 3081K, committed 3120K, reserved 1048576K
Event: 174.089 GC heap after
Heap after GC invocations=89 (full 1):
 PSYoungGen      total 35328K, used 320K [0x00000000d5f00000, 0x00000000d8980000, 0x0000000100000000)
  eden space 27136K, 0% used [0x00000000d5f00000,0x00000000d5f00000,0x00000000d7980000)
  from space 8192K, 3% used [0x00000000d8180000,0x00000000d81d0000,0x00000000d8980000)
  to   space 8192K, 0% used [0x00000000d7980000,0x00000000d7980000,0x00000000d8180000)
 ParOldGen       total 66048K, used 30717K [0x0000000081c00000, 0x0000000085c80000, 0x00000000d5f00000)
  object space 66048K, 46% used [0x0000000081c00000,0x00000000839ff6e0,0x0000000085c80000)
 Metaspace       used 23464K, capacity 23762K, committed 24112K, reserved 1071104K
  class space    used 2987K, capacity 3081K, committed 3120K, reserved 1048576K
}
Event: 749.269 GC heap before
{Heap before GC invocations=90 (full 1):
 PSYoungGen      total 35328K, used 27456K [0x00000000d5f00000, 0x00000000d8980000, 0x0000000100000000)
  eden space 27136K, 100% used [0x00000000d5f00000,0x00000000d7980000,0x00000000d7980000)
  from space 8192K, 3% used [0x00000000d8180000,0x00000000d81d0000,0x00000000d8980000)
  to   space 8192K, 0% used [0x00000000d7980000,0x00000000d7980000,0x00000000d8180000)
 ParOldGen       total 66048K, used 30717K [0x0000000081c00000, 0x0000000085c80000, 0x00000000d5f00000)
  object space 66048K, 46% used [0x0000000081c00000,0x00000000839ff6e0,0x0000000085c80000)
 Metaspace       used 23800K, capacity 24082K, committed 24368K, reserved 1071104K
  class space    used 2990K, capacity 3081K, committed 3120K, reserved 1048576K
Event: 749.271 GC heap after
Heap after GC invocations=90 (full 1):
 PSYoungGen      total 27648K, used 448K [0x00000000d5f00000, 0x00000000d8880000, 0x0000000100000000)
  eden space 27136K, 0% used [0x00000000d5f00000,0x00000000d5f00000,0x00000000d7980000)
  from space 512K, 87% used [0x00000000d7980000,0x00000000d79f0000,0x00000000d7a00000)
  to   space 7680K, 0% used [0x00000000d8100000,0x00000000d8100000,0x00000000d8880000)
 ParOldGen       total 66048K, used 30741K [0x0000000081c00000, 0x0000000085c80000, 0x00000000d5f00000)
  object space 66048K, 46% used [0x0000000081c00000,0x0000000083a056e0,0x0000000085c80000)
 Metaspace       used 23800K, capacity 24082K, committed 24368K, reserved 1071104K
  class space    used 2990K, capacity 3081K, committed 3120K, reserved 1048576K
}
Event: 837.657 GC heap before
{Heap before GC invocations=91 (full 1):
 PSYoungGen      total 27648K, used 27584K [0x00000000d5f00000, 0x00000000d8880000, 0x0000000100000000)
  eden space 27136K, 100% used [0x00000000d5f00000,0x00000000d7980000,0x00000000d7980000)
  from space 512K, 87% used [0x00000000d7980000,0x00000000d79f0000,0x00000000d7a00000)
  to   space 7680K, 0% used [0x00000000d8100000,0x00000000d8100000,0x00000000d8880000)
 ParOldGen       total 66048K, used 30741K [0x0000000081c00000, 0x0000000085c80000, 0x00000000d5f00000)
  object space 66048K, 46% used [0x0000000081c00000,0x0000000083a056e0,0x0000000085c80000)
 Metaspace       used 24234K, capacity 24478K, committed 24880K, reserved 1071104K
  class space    used 3003K, capacity 3083K, committed 3120K, reserved 1048576K
Event: 837.659 GC heap after
Heap after GC invocations=91 (full 1):
 PSYoungGen      total 34816K, used 928K [0x00000000d5f00000, 0x00000000d8880000, 0x0000000100000000)
  eden space 27136K, 0% used [0x00000000d5f00000,0x00000000d5f00000,0x00000000d7980000)
  from space 7680K, 12% used [0x00000000d8100000,0x00000000d81e8000,0x00000000d8880000)
  to   space 7680K, 0% used [0x00000000d7980000,0x00000000d7980000,0x00000000d8100000)
 ParOldGen       total 66048K, used 30765K [0x0000000081c00000, 0x0000000085c80000, 0x00000000d5f00000)
  object space 66048K, 46% used [0x0000000081c00000,0x0000000083a0b6e0,0x0000000085c80000)
 Metaspace       used 24234K, capacity 24478K, committed 24880K, reserved 1071104K
  class space    used 3003K, capacity 3083K, committed 3120K, reserved 1048576K
}
Event: 839.404 GC heap before
{Heap before GC invocations=92 (full 1):
 PSYoungGen      total 34816K, used 28064K [0x00000000d5f00000, 0x00000000d8880000, 0x0000000100000000)
  eden space 27136K, 100% used [0x00000000d5f00000,0x00000000d7980000,0x00000000d7980000)
  from space 7680K, 12% used [0x00000000d8100000,0x00000000d81e8000,0x00000000d8880000)
  to   space 7680K, 0% used [0x00000000d7980000,0x00000000d7980000,0x00000000d8100000)
 ParOldGen       total 66048K, used 30765K [0x0000000081c00000, 0x0000000085c80000, 0x00000000d5f00000)
  object space 66048K, 46% used [0x0000000081c00000,0x0000000083a0b6e0,0x0000000085c80000)
 Metaspace       used 24236K, capacity 24478K, committed 24880K, reserved 1071104K
  class space    used 3003K, capacity 3083K, committed 3120K, reserved 1048576K
Event: 839.406 GC heap after
Heap after GC invocations=92 (full 1):
 PSYoungGen      total 28160K, used 800K [0x00000000d5f00000, 0x00000000d8780000, 0x0000000100000000)
  eden space 27136K, 0% used [0x00000000d5f00000,0x00000000d5f00000,0x00000000d7980000)
  from space 1024K, 78% used [0x00000000d7980000,0x00000000d7a48000,0x00000000d7a80000)
  to   space 7168K, 0% used [0x00000000d8080000,0x00000000d8080000,0x00000000d8780000)
 ParOldGen       total 66048K, used 30789K [0x0000000081c00000, 0x0000000085c80000, 0x00000000d5f00000)
  object space 66048K, 46% used [0x0000000081c00000,0x0000000083a116e0,0x0000000085c80000)
 Metaspace       used 24236K, capacity 24478K, committed 24880K, reserved 1071104K
  class space    used 3003K, capacity 3083K, committed 3120K, reserved 1048576K
}
Event: 841.184 GC heap before
{Heap before GC invocations=93 (full 1):
 PSYoungGen      total 28160K, used 27936K [0x00000000d5f00000, 0x00000000d8780000, 0x0000000100000000)
  eden space 27136K, 100% used [0x00000000d5f00000,0x00000000d7980000,0x00000000d7980000)
  from space 1024K, 78% used [0x00000000d7980000,0x00000000d7a48000,0x00000000d7a80000)
  to   space 7168K, 0% used [0x00000000d8080000,0x00000000d8080000,0x00000000d8780000)
 ParOldGen       total 66048K, used 30789K [0x0000000081c00000, 0x0000000085c80000, 0x00000000d5f00000)
  object space 66048K, 46% used [0x0000000081c00000,0x0000000083a116e0,0x0000000085c80000)
 Metaspace       used 24236K, capacity 24478K, committed 24880K, reserved 1071104K
  class space    used 3003K, capacity 3083K, committed 3120K, reserved 1048576K
Event: 841.186 GC heap after
Heap after GC invocations=93 (full 1):
 PSYoungGen      total 33280K, used 768K [0x00000000d5f00000, 0x00000000d8680000, 0x0000000100000000)
  eden space 27136K, 0% used [0x00000000d5f00000,0x00000000d5f00000,0x00000000d7980000)
  from space 6144K, 12% used [0x00000000d8080000,0x00000000d8140000,0x00000000d8680000)
  to   space 6656K, 0% used [0x00000000d7980000,0x00000000d7980000,0x00000000d8000000)
 ParOldGen       total 66048K, used 30829K [0x0000000081c00000, 0x0000000085c80000, 0x00000000d5f00000)
  object space 66048K, 46% used [0x0000000081c00000,0x0000000083a1b6e0,0x0000000085c80000)
 Metaspace       used 24236K, capacity 24478K, committed 24880K, reserved 1071104K
  class space    used 3003K, capacity 3083K, committed 3120K, reserved 1048576K
}

